<?xml version="1.0" encoding="UTF-8"?>
<testsuite xmlns:xsi="http://www.w3.org/2001/XMLSchema-instance" xsi:noNamespaceSchemaLocation="https://maven.apache.org/surefire/maven-surefire-plugin/xsd/surefire-test-report-3.0.xsd" version="3.0" name="LibraryDbTest" time="0.259" tests="14" errors="0" skipped="0" failures="0">
  <properties>
[...]
</properties>
  <testcase name="testListOfBooks" classname="LibraryDbTest" time="0.138">
    <system-out><![CDATA[Database initialized with tables and data.

List of books:

Book ID: 1
Book Name: Introduction to Algorithms
Author: Thomas H. Cormen
Publication Year: 2009
Available Copies: 5

Book ID: 2
Book Name: Clean Code
Author: Robert C. Martin
Publication Year: 2008
Available Copies: 3

Book ID: 3
Book Name: Artificial Intelligence
Author: Stuart Russell
Publication Year: 2020
Available Copies: 2

]]></system-out>
  </testcase>
  <testcase name="testSortBooksByIdDescending" classname="LibraryDbTest" time="0.011">
    <system-out><![CDATA[Database initialized with tables and data.

Sort Options:
1. By ID
2. By Name
3. By Author
4. By Publication Year
5. By Number of Copies
Enter your sort choice: Sort in (1) Ascending or (2) Descending order? ]]></system-out>
  </testcase>
  <testcase name="testAddBook" classname="LibraryDbTest" time="0.008">
    <system-out><![CDATA[Database initialized with tables and data.

Enter book name : 
Enter book author : 
Enter book publication year : 
Enter Number of book copies : Book has been added successfully!

]]></system-out>
  </testcase>
  <testcase name="testListBorrowedBooks" classname="LibraryDbTest" time="0.008">
    <system-out><![CDATA[Database initialized with tables and data.
Books borrowed by student with Student Id: 2 are:- 

Book ID : 1
Book Name: Introduction to Algorithms
Author : Thomas H. Cormen
Publication year : 2009

]]></system-out>
  </testcase>
  <testcase name="testAuthenticationIncorrectLibrarian" classname="LibraryDbTest" time="0.006">
    <system-out><![CDATA[Database initialized with tables and data.
Enter your ID: Enter your password: &amp#27;[H&amp#27;[J
]]></system-out>
  </testcase>
  <testcase name="testNoAvailableBooks" classname="LibraryDbTest" time="0.007">
    <system-out><![CDATA[Database initialized with tables and data.

List of books:

Sorry, no books are available!
]]></system-out>
  </testcase>
  <testcase name="testListAvailableBooks" classname="LibraryDbTest" time="0.006">
    <system-out><![CDATA[Database initialized with tables and data.

List of books:

Book ID: 2
Book Name: Clean Code
Author: Robert C. Martin
Publication Year: 2008
Available Copies: 3

Book ID: 3
Book Name: Artificial Intelligence
Author: Stuart Russell
Publication Year: 2020
Available Copies: 2

]]></system-out>
  </testcase>
  <testcase name="testReturnBook" classname="LibraryDbTest" time="0.006">
    <system-out><![CDATA[Database initialized with tables and data.

Enter book ID : 
Enter student ID : &amp#27;[H&amp#27;[J
Book has been returned!!

]]></system-out>
  </testcase>
  <testcase name="testFilterBooksByName" classname="LibraryDbTest" time="0.007">
    <system-out><![CDATA[Database initialized with tables and data.

Filter Options:
1. By Book ID
2. By Name
3. By Author
4. By Publication Year
5. By Availability
Enter your filter choice: Enter name to filter by: ]]></system-out>
  </testcase>
  <testcase name="testDeleteNonExistingBook" classname="LibraryDbTest" time="0.007">
    <system-out><![CDATA[Database initialized with tables and data.

Enter book ID: &amp#27;[H&amp#27;[J
Something went wrong!
Update unsuccessful Rolling back the changes ...
No book found with ID 999. Please try again.

]]></system-out>
  </testcase>
  <testcase name="testIssueBook" classname="LibraryDbTest" time="0.009">
    <system-out><![CDATA[Database initialized with tables and data.

List of books:

Book ID: 1
Book Name: Introduction to Algorithms
Author: Thomas H. Cormen
Publication Year: 2009
Available Copies: 5

Book ID: 2
Book Name: Clean Code
Author: Robert C. Martin
Publication Year: 2008
Available Copies: 3

Book ID: 3
Book Name: Artificial Intelligence
Author: Stuart Russell
Publication Year: 2020
Available Copies: 2


Enter book ID : Enter student id : &amp#27;[H&amp#27;[J
Book has been issued successfully!!

]]></system-out>
  </testcase>
  <testcase name="testDeleteBook" classname="LibraryDbTest" time="0.006">
    <system-out><![CDATA[Database initialized with tables and data.

Enter book ID: &amp#27;[H&amp#27;[J
Book with ID 1 has been successfully deleted!

]]></system-out>
  </testcase>
  <testcase name="testBooksBorrowedByStudent" classname="LibraryDbTest" time="0.005">
    <system-out><![CDATA[Database initialized with tables and data.

Enter the Student ID : &amp#27;[H&amp#27;[J
Books borrowed by student with Student Id:2 are :

Book ID : 2
Book Name: Clean Code
Author : Robert C. Martin
Publication year : 2008

]]></system-out>
  </testcase>
  <testcase name="testAuthenticationCorrectLibrarian" classname="LibraryDbTest" time="0.004">
    <system-out><![CDATA[Database initialized with tables and data.
Enter your ID: Enter your password: &amp#27;[H&amp#27;[J
]]></system-out>
  </testcase>
</testsuite>